<?xml version="1.0" encoding="UTF-8"?>
<!-- Generated by org.testng.reporters.JUnitReportReporter -->
<testsuite skipped="0" hostname="LAPTOP-CIGMMOOC" name="com.titan.qa.testcases.CartPageTest" tests="1" failures="0" timestamp="12 Oct 2018 16:15:55 GMT" time="65.505" errors="0">
  <testcase name="CartpageTitleTest" time="65.505" classname="com.titan.qa.testcases.CartPageTest"/>
</testsuite> <!-- com.titan.qa.testcases.CartPageTest -->
