<?xml version="1.0" encoding="UTF-8"?>
<!-- Generated by org.testng.reporters.JUnitReportReporter -->
<testsuite skipped="0" hostname="LAPTOP-CIGMMOOC" name="com.titan.qa.testcases.HomePageTest" tests="2" failures="0" timestamp="02 Oct 2018 11:09:43 GMT" time="32.985" errors="0">
  <testcase name="homepageTitleTest" time="14.671" classname="com.titan.qa.testcases.HomePageTest"/>
  <testcase name="searchforwatchesTest" time="18.314" classname="com.titan.qa.testcases.HomePageTest"/>
</testsuite> <!-- com.titan.qa.testcases.HomePageTest -->
