<?xml version="1.0" encoding="UTF-8"?>
<!-- Generated by org.testng.reporters.JUnitReportReporter -->
<testsuite skipped="0" hostname="LAPTOP-CIGMMOOC" name="com.titan.qa.testcases.PLPPageTest" tests="1" failures="0" timestamp="01 Oct 2018 18:46:49 GMT" time="86.313" errors="0">
  <testcase name="PLPpageTitleTest" time="86.313" classname="com.titan.qa.testcases.PLPPageTest"/>
</testsuite> <!-- com.titan.qa.testcases.PLPPageTest -->
